<?xml version="1.0" encoding="UTF-8"?>
<testng-results skipped="0" failed="0" total="1" passed="1">
  <reporter-output>
  </reporter-output>
  <suite name="com.jenkins.testing.NewTest" duration-ms="5412" started-at="2016-12-30T15:17:59Z" finished-at="2016-12-30T15:18:04Z">
    <groups>
    </groups>
    <test name="Command line test" duration-ms="5412" started-at="2016-12-30T15:17:59Z" finished-at="2016-12-30T15:18:04Z">
      <class name="com.jenkins.testing.NewTest">
        <test-method status="PASS" signature="f()[pri:0, instance:com.jenkins.testing.NewTest@3b81a1bc]" name="f" duration-ms="5394" started-at="2016-12-30T10:17:59Z" finished-at="2016-12-30T10:18:04Z">
          <reporter-output>
          </reporter-output>
        </test-method> <!-- f -->
      </class> <!-- com.jenkins.testing.NewTest -->
    </test> <!-- Command line test -->
  </suite> <!-- com.jenkins.testing.NewTest -->
</testng-results>
