<?xml version="1.0" encoding="UTF-8"?>
<testng-results skipped="0" failed="0" total="1" passed="1">
  <reporter-output>
  </reporter-output>
  <suite name="Default suite" duration-ms="7143" started-at="2016-12-29T21:08:16Z" finished-at="2016-12-29T21:08:23Z">
    <groups>
    </groups>
    <test name="Default test" duration-ms="7143" started-at="2016-12-29T21:08:16Z" finished-at="2016-12-29T21:08:23Z">
      <class name="com.jenkins.testing.NewTest">
        <test-method status="PASS" signature="f()[pri:0, instance:com.jenkins.testing.NewTest@4501b7af]" name="f" duration-ms="7114" started-at="2016-12-29T16:08:16Z" finished-at="2016-12-29T16:08:23Z">
          <reporter-output>
          </reporter-output>
        </test-method> <!-- f -->
      </class> <!-- com.jenkins.testing.NewTest -->
    </test> <!-- Default test -->
  </suite> <!-- Default suite -->
</testng-results>
